{
  "stats": {
    "suites": 1,
    "tests": 1,
    "passes": 0,
    "pending": 0,
    "failures": 1,
    "start": "2022-03-09T18:11:57.169Z",
    "end": "2022-03-09T18:12:21.825Z",
    "duration": 24656,
    "testsRegistered": 1,
    "passPercent": 0,
    "pendingPercent": 0,
    "other": 0,
    "hasOther": false,
    "skipped": 0,
    "hasSkipped": false
  },
  "results": [
    {
      "uuid": "645d8a62-e64e-41d0-b0a9-d99d9f827f50",
      "title": "",
      "fullFile": "cypress/integration/cadastro.spec.js",
      "file": "cypress/integration/cadastro.spec.js",
      "beforeHooks": [],
      "afterHooks": [],
      "tests": [],
      "suites": [
        {
          "uuid": "e13472c0-483b-4d1c-bf0a-61dd6dc9880f",
          "title": "Cadastro",
          "fullFile": "",
          "file": "",
          "beforeHooks": [],
          "afterHooks": [],
          "tests": [
            {
              "title": "Quando eu informar os dados e finalizar, então o cadastro deve ser efetuado",
              "fullTitle": "Cadastro Quando eu informar os dados e finalizar, então o cadastro deve ser efetuado",
              "timedOut": null,
              "duration": 19372,
              "state": "failed",
              "speed": null,
              "pass": false,
              "fail": true,
              "pending": false,
              "context": null,
              "code": "cy.visit('http://automationpractice.com/');\ncy.get('.login').click();\ncy.get('title').should('have.text', 'Login - My Store');\ncy.get('input[name=\"SubmitCreate\"]').should('have.value', 'Create an account');\ncy.get('input[id=\"email_create\"]').type(chance.email());\ncy.get('#SubmitCreate').click();\ncy.get('.page-heading').should('have.text', 'Create an account');\ncy.get('input[id=\"id_gender1\"]').check();\ncy.get('input[name=\"customer_firstname\"]').type(chance.first());\ncy.get('input[name=\"customer_lastname\"]').type(chance.last());\ncy.get('#passwd').type('Agilizei@22');\ncy.get('select[name=\"days\"]').select('17');\ncy.get('select[name=\"months\"]').select('May');\ncy.get('select[id=\"years\"]').select('2002');\ncy.get('input[id=\"newsletter\"]').check();\ncy.get('input[id=\"address1\"]').type(chance.address());\ncy.get('input[id=\"city\"]').type('Miami');\ncy.get('select[name=\"id_state\"]').select('Florida');\ncy.get('input[id=\"postcode\"]').type('33122');\ncy.get('textarea[id=\"other\"]').type('11999999999');\ncy.get('input[name=\"phone_mobile\"]').type('11999999999');\ncy.get('button[id=\"submitAccount\"]').click();\ncy.get('title').should('have.text', 'My account - My Store');\ncy.get('span[class=\"navigation_page\"]').should('have.text', 'My account');",
              "err": {
                "message": "AssertionError: Timed out retrying after 4000ms: expected '<h1.page-heading>' to have text 'Create an account', but the text was 'Authentication'",
                "estack": "AssertionError: Timed out retrying after 4000ms: expected '<h1.page-heading>' to have text 'Create an account', but the text was 'Authentication'\n    at Context.eval (http://automationpractice.com/__cypress/tests?p=cypress/integration/cadastro.spec.js:2218:29)",
                "diff": "- 'Authentication'\n+ 'Create an account'\n"
              },
              "uuid": "3da34820-8592-48b9-ac60-177adc8abe7f",
              "parentUUID": "e13472c0-483b-4d1c-bf0a-61dd6dc9880f",
              "isHook": false,
              "skipped": false
            }
          ],
          "suites": [],
          "passes": [],
          "failures": [
            "3da34820-8592-48b9-ac60-177adc8abe7f"
          ],
          "pending": [],
          "skipped": [],
          "duration": 19372,
          "root": false,
          "rootEmpty": false,
          "_timeout": 2000
        }
      ],
      "passes": [],
      "failures": [],
      "pending": [],
      "skipped": [],
      "duration": 0,
      "root": true,
      "rootEmpty": true,
      "_timeout": 2000
    }
  ],
  "meta": {
    "mocha": {
      "version": "7.0.1"
    },
    "mochawesome": {
      "options": {
        "quiet": true,
        "reportFilename": "mochawesome",
        "saveHtml": false,
        "saveJson": true,
        "consoleReporter": "spec",
        "useInlineDiffs": false,
        "code": true
      },
      "version": "7.1.2"
    },
    "marge": {
      "options": {
        "id": "default",
        "reportDir": "mochawesome-report",
        "quiet": true,
        "overwrite": false,
        "html": false,
        "json": true
      },
      "version": "6.1.1"
    }
  }
}